2019-09-27 15:11:44 ERROR AWT-EventQueue-0 com.rabbitforever.datamanipulation.utils.DtdXmlDataUtils - com.rabbitforever.datamanipulation.utils.DtdXmlDataUtils.writeData2Xml() - outputXmlFileName=TAS_ASS_RESULT.xml,tableName=TAS_ASS_RESULT,sql=SELECT * FROM PRDDBS.TAS_ASS_RESULT WHERE CASE_KEY = 1089432 ORDER BY CASE_KEY, REC_STS, FR_DATE, TO_DATE,scopeFolderPath=./test_folder/SIT_ScopeSITFolder,scopeFolderPath=./test_folder/SIT_ScopeSITFolder
org.dbunit.dataset.DataSetException: java.sql.SQLSyntaxErrorException: ORA-00942: table or view does not exist

	at org.dbunit.database.QueryTableIterator.getTable(QueryTableIterator.java:156)
	at org.dbunit.dataset.stream.DataSetProducerAdapter.produce(DataSetProducerAdapter.java:83)
	at org.dbunit.dataset.xml.XmlDataSetWriter.write(XmlDataSetWriter.java:130)
	at com.rabbitforever.datamanipulation.utils.DtdXmlDataUtils.writeData2Xml(DtdXmlDataUtils.java:82)
	at com.rabbitforever.datamanipulation.utils.DtdXmlDataUtils.writeData2Xml(DtdXmlDataUtils.java:44)
	at com.rabbitforever.datamanipulation.utils.DataUtils.writeData2Xml(DataUtils.java:205)
	at com.rabbitforever.datamanipulation.services.SnapshotMgr.captureXmlFiles(SnapshotMgr.java:181)
	at com.rabbitforever.datamanipulation.views.handlers.ExecuteButtonActionHandler.actionPerformed(ExecuteButtonActionHandler.java:47)
	at javax.swing.AbstractButton.fireActionPerformed(AbstractButton.java:2022)
	at javax.swing.AbstractButton$Handler.actionPerformed(AbstractButton.java:2348)
	at javax.swing.DefaultButtonModel.fireActionPerformed(DefaultButtonModel.java:402)
	at javax.swing.DefaultButtonModel.setPressed(DefaultButtonModel.java:259)
	at javax.swing.plaf.basic.BasicButtonListener.mouseReleased(BasicButtonListener.java:252)
	at java.awt.Component.processMouseEvent(Component.java:6539)
	at javax.swing.JComponent.processMouseEvent(JComponent.java:3324)
	at java.awt.Component.processEvent(Component.java:6304)
	at java.awt.Container.processEvent(Container.java:2239)
	at java.awt.Component.dispatchEventImpl(Component.java:4889)
	at java.awt.Container.dispatchEventImpl(Container.java:2297)
	at java.awt.Component.dispatchEvent(Component.java:4711)
	at java.awt.LightweightDispatcher.retargetMouseEvent(Container.java:4904)
	at java.awt.LightweightDispatcher.processMouseEvent(Container.java:4535)
	at java.awt.LightweightDispatcher.dispatchEvent(Container.java:4476)
	at java.awt.Container.dispatchEventImpl(Container.java:2283)
	at java.awt.Window.dispatchEventImpl(Window.java:2746)
	at java.awt.Component.dispatchEvent(Component.java:4711)
	at java.awt.EventQueue.dispatchEventImpl(EventQueue.java:760)
	at java.awt.EventQueue.access$500(EventQueue.java:97)
	at java.awt.EventQueue$3.run(EventQueue.java:709)
	at java.awt.EventQueue$3.run(EventQueue.java:703)
	at java.security.AccessController.doPrivileged(Native Method)
	at java.security.ProtectionDomain$JavaSecurityAccessImpl.doIntersectionPrivilege(ProtectionDomain.java:74)
	at java.security.ProtectionDomain$JavaSecurityAccessImpl.doIntersectionPrivilege(ProtectionDomain.java:84)
	at java.awt.EventQueue$4.run(EventQueue.java:733)
	at java.awt.EventQueue$4.run(EventQueue.java:731)
	at java.security.AccessController.doPrivileged(Native Method)
	at java.security.ProtectionDomain$JavaSecurityAccessImpl.doIntersectionPrivilege(ProtectionDomain.java:74)
	at java.awt.EventQueue.dispatchEvent(EventQueue.java:730)
	at java.awt.EventDispatchThread.pumpOneEventForFilters(EventDispatchThread.java:205)
	at java.awt.EventDispatchThread.pumpEventsForFilter(EventDispatchThread.java:116)
	at java.awt.EventDispatchThread.pumpEventsForHierarchy(EventDispatchThread.java:105)
	at java.awt.EventDispatchThread.pumpEvents(EventDispatchThread.java:101)
	at java.awt.EventDispatchThread.pumpEvents(EventDispatchThread.java:93)
	at java.awt.EventDispatchThread.run(EventDispatchThread.java:82)
Caused by: java.sql.SQLSyntaxErrorException: ORA-00942: table or view does not exist

	at oracle.jdbc.driver.T4CTTIoer.processError(T4CTTIoer.java:450)
	at oracle.jdbc.driver.T4CTTIoer.processError(T4CTTIoer.java:399)
	at oracle.jdbc.driver.T4C8Oall.processError(T4C8Oall.java:1017)
	at oracle.jdbc.driver.T4CTTIfun.receive(T4CTTIfun.java:655)
	at oracle.jdbc.driver.T4CTTIfun.doRPC(T4CTTIfun.java:249)
	at oracle.jdbc.driver.T4C8Oall.doOALL(T4C8Oall.java:566)
	at oracle.jdbc.driver.T4CStatement.doOall8(T4CStatement.java:202)
	at oracle.jdbc.driver.T4CStatement.doOall8(T4CStatement.java:45)
	at oracle.jdbc.driver.T4CStatement.executeForDescribe(T4CStatement.java:766)
	at oracle.jdbc.driver.OracleStatement.executeMaybeDescribe(OracleStatement.java:897)
	at oracle.jdbc.driver.OracleStatement.doExecuteWithTimeout(OracleStatement.java:1034)
	at oracle.jdbc.driver.OracleStatement.executeQuery(OracleStatement.java:1244)
	at oracle.jdbc.driver.OracleStatementWrapper.executeQuery(OracleStatementWrapper.java:420)
	at org.dbunit.database.AbstractResultSetTable.<init>(AbstractResultSetTable.java:83)
	at org.dbunit.database.AbstractResultSetTable.<init>(AbstractResultSetTable.java:63)
	at org.dbunit.database.ForwardOnlyResultSetTable.<init>(ForwardOnlyResultSetTable.java:65)
	at org.dbunit.database.CachedResultSetTableFactory.createTable(CachedResultSetTableFactory.java:52)
	at org.dbunit.database.QueryTableIterator.getTable(QueryTableIterator.java:151)
	... 43 more
2019-09-27 15:11:44 ERROR AWT-EventQueue-0 com.rabbitforever.datamanipulation.utils.DtdXmlDataUtils - com.rabbitforever.datamanipulation.utils.DtdXmlDataUtils.writeData2Xml() - captureDto=CaptureVo [isSelectedToExecute=null],scopeFolderPath=./test_folder/SIT_ScopeSITFolder
org.dbunit.dataset.DataSetException: java.sql.SQLSyntaxErrorException: ORA-00942: table or view does not exist

	at org.dbunit.database.QueryTableIterator.getTable(QueryTableIterator.java:156)
	at org.dbunit.dataset.stream.DataSetProducerAdapter.produce(DataSetProducerAdapter.java:83)
	at org.dbunit.dataset.xml.XmlDataSetWriter.write(XmlDataSetWriter.java:130)
	at com.rabbitforever.datamanipulation.utils.DtdXmlDataUtils.writeData2Xml(DtdXmlDataUtils.java:82)
	at com.rabbitforever.datamanipulation.utils.DtdXmlDataUtils.writeData2Xml(DtdXmlDataUtils.java:44)
	at com.rabbitforever.datamanipulation.utils.DataUtils.writeData2Xml(DataUtils.java:205)
	at com.rabbitforever.datamanipulation.services.SnapshotMgr.captureXmlFiles(SnapshotMgr.java:181)
	at com.rabbitforever.datamanipulation.views.handlers.ExecuteButtonActionHandler.actionPerformed(ExecuteButtonActionHandler.java:47)
	at javax.swing.AbstractButton.fireActionPerformed(AbstractButton.java:2022)
	at javax.swing.AbstractButton$Handler.actionPerformed(AbstractButton.java:2348)
	at javax.swing.DefaultButtonModel.fireActionPerformed(DefaultButtonModel.java:402)
	at javax.swing.DefaultButtonModel.setPressed(DefaultButtonModel.java:259)
	at javax.swing.plaf.basic.BasicButtonListener.mouseReleased(BasicButtonListener.java:252)
	at java.awt.Component.processMouseEvent(Component.java:6539)
	at javax.swing.JComponent.processMouseEvent(JComponent.java:3324)
	at java.awt.Component.processEvent(Component.java:6304)
	at java.awt.Container.processEvent(Container.java:2239)
	at java.awt.Component.dispatchEventImpl(Component.java:4889)
	at java.awt.Container.dispatchEventImpl(Container.java:2297)
	at java.awt.Component.dispatchEvent(Component.java:4711)
	at java.awt.LightweightDispatcher.retargetMouseEvent(Container.java:4904)
	at java.awt.LightweightDispatcher.processMouseEvent(Container.java:4535)
	at java.awt.LightweightDispatcher.dispatchEvent(Container.java:4476)
	at java.awt.Container.dispatchEventImpl(Container.java:2283)
	at java.awt.Window.dispatchEventImpl(Window.java:2746)
	at java.awt.Component.dispatchEvent(Component.java:4711)
	at java.awt.EventQueue.dispatchEventImpl(EventQueue.java:760)
	at java.awt.EventQueue.access$500(EventQueue.java:97)
	at java.awt.EventQueue$3.run(EventQueue.java:709)
	at java.awt.EventQueue$3.run(EventQueue.java:703)
	at java.security.AccessController.doPrivileged(Native Method)
	at java.security.ProtectionDomain$JavaSecurityAccessImpl.doIntersectionPrivilege(ProtectionDomain.java:74)
	at java.security.ProtectionDomain$JavaSecurityAccessImpl.doIntersectionPrivilege(ProtectionDomain.java:84)
	at java.awt.EventQueue$4.run(EventQueue.java:733)
	at java.awt.EventQueue$4.run(EventQueue.java:731)
	at java.security.AccessController.doPrivileged(Native Method)
	at java.security.ProtectionDomain$JavaSecurityAccessImpl.doIntersectionPrivilege(ProtectionDomain.java:74)
	at java.awt.EventQueue.dispatchEvent(EventQueue.java:730)
	at java.awt.EventDispatchThread.pumpOneEventForFilters(EventDispatchThread.java:205)
	at java.awt.EventDispatchThread.pumpEventsForFilter(EventDispatchThread.java:116)
	at java.awt.EventDispatchThread.pumpEventsForHierarchy(EventDispatchThread.java:105)
	at java.awt.EventDispatchThread.pumpEvents(EventDispatchThread.java:101)
	at java.awt.EventDispatchThread.pumpEvents(EventDispatchThread.java:93)
	at java.awt.EventDispatchThread.run(EventDispatchThread.java:82)
Caused by: java.sql.SQLSyntaxErrorException: ORA-00942: table or view does not exist

	at oracle.jdbc.driver.T4CTTIoer.processError(T4CTTIoer.java:450)
	at oracle.jdbc.driver.T4CTTIoer.processError(T4CTTIoer.java:399)
	at oracle.jdbc.driver.T4C8Oall.processError(T4C8Oall.java:1017)
	at oracle.jdbc.driver.T4CTTIfun.receive(T4CTTIfun.java:655)
	at oracle.jdbc.driver.T4CTTIfun.doRPC(T4CTTIfun.java:249)
	at oracle.jdbc.driver.T4C8Oall.doOALL(T4C8Oall.java:566)
	at oracle.jdbc.driver.T4CStatement.doOall8(T4CStatement.java:202)
	at oracle.jdbc.driver.T4CStatement.doOall8(T4CStatement.java:45)
	at oracle.jdbc.driver.T4CStatement.executeForDescribe(T4CStatement.java:766)
	at oracle.jdbc.driver.OracleStatement.executeMaybeDescribe(OracleStatement.java:897)
	at oracle.jdbc.driver.OracleStatement.doExecuteWithTimeout(OracleStatement.java:1034)
	at oracle.jdbc.driver.OracleStatement.executeQuery(OracleStatement.java:1244)
	at oracle.jdbc.driver.OracleStatementWrapper.executeQuery(OracleStatementWrapper.java:420)
	at org.dbunit.database.AbstractResultSetTable.<init>(AbstractResultSetTable.java:83)
	at org.dbunit.database.AbstractResultSetTable.<init>(AbstractResultSetTable.java:63)
	at org.dbunit.database.ForwardOnlyResultSetTable.<init>(ForwardOnlyResultSetTable.java:65)
	at org.dbunit.database.CachedResultSetTableFactory.createTable(CachedResultSetTableFactory.java:52)
	at org.dbunit.database.QueryTableIterator.getTable(QueryTableIterator.java:151)
	... 43 more
2019-09-27 15:11:44 ERROR AWT-EventQueue-0 com.rabbitforever.datamanipulation.utils.DtdXmlDataUtils - com.rabbitforever.datamanipulation.utils.DtdXmlDataUtils.writeData2Xml() - captureScopeDto=com.rabbitforever.datamanipulation.models.vos.CaptureScopeVo@39755196
org.dbunit.dataset.DataSetException: java.sql.SQLSyntaxErrorException: ORA-00942: table or view does not exist

	at org.dbunit.database.QueryTableIterator.getTable(QueryTableIterator.java:156)
	at org.dbunit.dataset.stream.DataSetProducerAdapter.produce(DataSetProducerAdapter.java:83)
	at org.dbunit.dataset.xml.XmlDataSetWriter.write(XmlDataSetWriter.java:130)
	at com.rabbitforever.datamanipulation.utils.DtdXmlDataUtils.writeData2Xml(DtdXmlDataUtils.java:82)
	at com.rabbitforever.datamanipulation.utils.DtdXmlDataUtils.writeData2Xml(DtdXmlDataUtils.java:44)
	at com.rabbitforever.datamanipulation.utils.DataUtils.writeData2Xml(DataUtils.java:205)
	at com.rabbitforever.datamanipulation.services.SnapshotMgr.captureXmlFiles(SnapshotMgr.java:181)
	at com.rabbitforever.datamanipulation.views.handlers.ExecuteButtonActionHandler.actionPerformed(ExecuteButtonActionHandler.java:47)
	at javax.swing.AbstractButton.fireActionPerformed(AbstractButton.java:2022)
	at javax.swing.AbstractButton$Handler.actionPerformed(AbstractButton.java:2348)
	at javax.swing.DefaultButtonModel.fireActionPerformed(DefaultButtonModel.java:402)
	at javax.swing.DefaultButtonModel.setPressed(DefaultButtonModel.java:259)
	at javax.swing.plaf.basic.BasicButtonListener.mouseReleased(BasicButtonListener.java:252)
	at java.awt.Component.processMouseEvent(Component.java:6539)
	at javax.swing.JComponent.processMouseEvent(JComponent.java:3324)
	at java.awt.Component.processEvent(Component.java:6304)
	at java.awt.Container.processEvent(Container.java:2239)
	at java.awt.Component.dispatchEventImpl(Component.java:4889)
	at java.awt.Container.dispatchEventImpl(Container.java:2297)
	at java.awt.Component.dispatchEvent(Component.java:4711)
	at java.awt.LightweightDispatcher.retargetMouseEvent(Container.java:4904)
	at java.awt.LightweightDispatcher.processMouseEvent(Container.java:4535)
	at java.awt.LightweightDispatcher.dispatchEvent(Container.java:4476)
	at java.awt.Container.dispatchEventImpl(Container.java:2283)
	at java.awt.Window.dispatchEventImpl(Window.java:2746)
	at java.awt.Component.dispatchEvent(Component.java:4711)
	at java.awt.EventQueue.dispatchEventImpl(EventQueue.java:760)
	at java.awt.EventQueue.access$500(EventQueue.java:97)
	at java.awt.EventQueue$3.run(EventQueue.java:709)
	at java.awt.EventQueue$3.run(EventQueue.java:703)
	at java.security.AccessController.doPrivileged(Native Method)
	at java.security.ProtectionDomain$JavaSecurityAccessImpl.doIntersectionPrivilege(ProtectionDomain.java:74)
	at java.security.ProtectionDomain$JavaSecurityAccessImpl.doIntersectionPrivilege(ProtectionDomain.java:84)
	at java.awt.EventQueue$4.run(EventQueue.java:733)
	at java.awt.EventQueue$4.run(EventQueue.java:731)
	at java.security.AccessController.doPrivileged(Native Method)
	at java.security.ProtectionDomain$JavaSecurityAccessImpl.doIntersectionPrivilege(ProtectionDomain.java:74)
	at java.awt.EventQueue.dispatchEvent(EventQueue.java:730)
	at java.awt.EventDispatchThread.pumpOneEventForFilters(EventDispatchThread.java:205)
	at java.awt.EventDispatchThread.pumpEventsForFilter(EventDispatchThread.java:116)
	at java.awt.EventDispatchThread.pumpEventsForHierarchy(EventDispatchThread.java:105)
	at java.awt.EventDispatchThread.pumpEvents(EventDispatchThread.java:101)
	at java.awt.EventDispatchThread.pumpEvents(EventDispatchThread.java:93)
	at java.awt.EventDispatchThread.run(EventDispatchThread.java:82)
Caused by: java.sql.SQLSyntaxErrorException: ORA-00942: table or view does not exist

	at oracle.jdbc.driver.T4CTTIoer.processError(T4CTTIoer.java:450)
	at oracle.jdbc.driver.T4CTTIoer.processError(T4CTTIoer.java:399)
	at oracle.jdbc.driver.T4C8Oall.processError(T4C8Oall.java:1017)
	at oracle.jdbc.driver.T4CTTIfun.receive(T4CTTIfun.java:655)
	at oracle.jdbc.driver.T4CTTIfun.doRPC(T4CTTIfun.java:249)
	at oracle.jdbc.driver.T4C8Oall.doOALL(T4C8Oall.java:566)
	at oracle.jdbc.driver.T4CStatement.doOall8(T4CStatement.java:202)
	at oracle.jdbc.driver.T4CStatement.doOall8(T4CStatement.java:45)
	at oracle.jdbc.driver.T4CStatement.executeForDescribe(T4CStatement.java:766)
	at oracle.jdbc.driver.OracleStatement.executeMaybeDescribe(OracleStatement.java:897)
	at oracle.jdbc.driver.OracleStatement.doExecuteWithTimeout(OracleStatement.java:1034)
	at oracle.jdbc.driver.OracleStatement.executeQuery(OracleStatement.java:1244)
	at oracle.jdbc.driver.OracleStatementWrapper.executeQuery(OracleStatementWrapper.java:420)
	at org.dbunit.database.AbstractResultSetTable.<init>(AbstractResultSetTable.java:83)
	at org.dbunit.database.AbstractResultSetTable.<init>(AbstractResultSetTable.java:63)
	at org.dbunit.database.ForwardOnlyResultSetTable.<init>(ForwardOnlyResultSetTable.java:65)
	at org.dbunit.database.CachedResultSetTableFactory.createTable(CachedResultSetTableFactory.java:52)
	at org.dbunit.database.QueryTableIterator.getTable(QueryTableIterator.java:151)
	... 43 more
2019-09-27 15:11:44 ERROR AWT-EventQueue-0 com.rabbitforever.datamanipulation.services.SnapshotMgr - com.rabbitforever.datamanipulation.services.SnapshotMgr.captureXmlFiles() - captureScopeDto=com.rabbitforever.datamanipulation.models.vos.CaptureScopeVo@39755196
org.dbunit.dataset.DataSetException: java.sql.SQLSyntaxErrorException: ORA-00942: table or view does not exist

	at org.dbunit.database.QueryTableIterator.getTable(QueryTableIterator.java:156)
	at org.dbunit.dataset.stream.DataSetProducerAdapter.produce(DataSetProducerAdapter.java:83)
	at org.dbunit.dataset.xml.XmlDataSetWriter.write(XmlDataSetWriter.java:130)
	at com.rabbitforever.datamanipulation.utils.DtdXmlDataUtils.writeData2Xml(DtdXmlDataUtils.java:82)
	at com.rabbitforever.datamanipulation.utils.DtdXmlDataUtils.writeData2Xml(DtdXmlDataUtils.java:44)
	at com.rabbitforever.datamanipulation.utils.DataUtils.writeData2Xml(DataUtils.java:205)
	at com.rabbitforever.datamanipulation.services.SnapshotMgr.captureXmlFiles(SnapshotMgr.java:181)
	at com.rabbitforever.datamanipulation.views.handlers.ExecuteButtonActionHandler.actionPerformed(ExecuteButtonActionHandler.java:47)
	at javax.swing.AbstractButton.fireActionPerformed(AbstractButton.java:2022)
	at javax.swing.AbstractButton$Handler.actionPerformed(AbstractButton.java:2348)
	at javax.swing.DefaultButtonModel.fireActionPerformed(DefaultButtonModel.java:402)
	at javax.swing.DefaultButtonModel.setPressed(DefaultButtonModel.java:259)
	at javax.swing.plaf.basic.BasicButtonListener.mouseReleased(BasicButtonListener.java:252)
	at java.awt.Component.processMouseEvent(Component.java:6539)
	at javax.swing.JComponent.processMouseEvent(JComponent.java:3324)
	at java.awt.Component.processEvent(Component.java:6304)
	at java.awt.Container.processEvent(Container.java:2239)
	at java.awt.Component.dispatchEventImpl(Component.java:4889)
	at java.awt.Container.dispatchEventImpl(Container.java:2297)
	at java.awt.Component.dispatchEvent(Component.java:4711)
	at java.awt.LightweightDispatcher.retargetMouseEvent(Container.java:4904)
	at java.awt.LightweightDispatcher.processMouseEvent(Container.java:4535)
	at java.awt.LightweightDispatcher.dispatchEvent(Container.java:4476)
	at java.awt.Container.dispatchEventImpl(Container.java:2283)
	at java.awt.Window.dispatchEventImpl(Window.java:2746)
	at java.awt.Component.dispatchEvent(Component.java:4711)
	at java.awt.EventQueue.dispatchEventImpl(EventQueue.java:760)
	at java.awt.EventQueue.access$500(EventQueue.java:97)
	at java.awt.EventQueue$3.run(EventQueue.java:709)
	at java.awt.EventQueue$3.run(EventQueue.java:703)
	at java.security.AccessController.doPrivileged(Native Method)
	at java.security.ProtectionDomain$JavaSecurityAccessImpl.doIntersectionPrivilege(ProtectionDomain.java:74)
	at java.security.ProtectionDomain$JavaSecurityAccessImpl.doIntersectionPrivilege(ProtectionDomain.java:84)
	at java.awt.EventQueue$4.run(EventQueue.java:733)
	at java.awt.EventQueue$4.run(EventQueue.java:731)
	at java.security.AccessController.doPrivileged(Native Method)
	at java.security.ProtectionDomain$JavaSecurityAccessImpl.doIntersectionPrivilege(ProtectionDomain.java:74)
	at java.awt.EventQueue.dispatchEvent(EventQueue.java:730)
	at java.awt.EventDispatchThread.pumpOneEventForFilters(EventDispatchThread.java:205)
	at java.awt.EventDispatchThread.pumpEventsForFilter(EventDispatchThread.java:116)
	at java.awt.EventDispatchThread.pumpEventsForHierarchy(EventDispatchThread.java:105)
	at java.awt.EventDispatchThread.pumpEvents(EventDispatchThread.java:101)
	at java.awt.EventDispatchThread.pumpEvents(EventDispatchThread.java:93)
	at java.awt.EventDispatchThread.run(EventDispatchThread.java:82)
Caused by: java.sql.SQLSyntaxErrorException: ORA-00942: table or view does not exist

	at oracle.jdbc.driver.T4CTTIoer.processError(T4CTTIoer.java:450)
	at oracle.jdbc.driver.T4CTTIoer.processError(T4CTTIoer.java:399)
	at oracle.jdbc.driver.T4C8Oall.processError(T4C8Oall.java:1017)
	at oracle.jdbc.driver.T4CTTIfun.receive(T4CTTIfun.java:655)
	at oracle.jdbc.driver.T4CTTIfun.doRPC(T4CTTIfun.java:249)
	at oracle.jdbc.driver.T4C8Oall.doOALL(T4C8Oall.java:566)
	at oracle.jdbc.driver.T4CStatement.doOall8(T4CStatement.java:202)
	at oracle.jdbc.driver.T4CStatement.doOall8(T4CStatement.java:45)
	at oracle.jdbc.driver.T4CStatement.executeForDescribe(T4CStatement.java:766)
	at oracle.jdbc.driver.OracleStatement.executeMaybeDescribe(OracleStatement.java:897)
	at oracle.jdbc.driver.OracleStatement.doExecuteWithTimeout(OracleStatement.java:1034)
	at oracle.jdbc.driver.OracleStatement.executeQuery(OracleStatement.java:1244)
	at oracle.jdbc.driver.OracleStatementWrapper.executeQuery(OracleStatementWrapper.java:420)
	at org.dbunit.database.AbstractResultSetTable.<init>(AbstractResultSetTable.java:83)
	at org.dbunit.database.AbstractResultSetTable.<init>(AbstractResultSetTable.java:63)
	at org.dbunit.database.ForwardOnlyResultSetTable.<init>(ForwardOnlyResultSetTable.java:65)
	at org.dbunit.database.CachedResultSetTableFactory.createTable(CachedResultSetTableFactory.java:52)
	at org.dbunit.database.QueryTableIterator.getTable(QueryTableIterator.java:151)
	... 43 more
